23:42:30:197 DEBUG Extracting data...
23:42:30:239 DEBUG Starting new HTTPS connection (1): raw.githubusercontent.com:443
23:42:30:459 DEBUG https://raw.githubusercontent.com:443 "GET /fivethirtyeight/data/refs/heads/master/chess-transfers/transfers.csv HTTP/1.1" 200 8594
23:42:30:461 INFO data/transfer.csv
23:42:30:461 DEBUG Transforming data...
23:42:30:504 DEBUG retry parameter: _retry_delay_min given_or_default 1.0
23:42:30:504 DEBUG retry parameter: _retry_delay_max given_or_default 60.0
23:42:30:504 DEBUG retry parameter: _retry_stop_after_attempts_count given_or_default 30
23:42:30:504 DEBUG retry parameter: _retry_stop_after_attempts_duration given_or_default 900.0
23:42:30:504 DEBUG retry parameter: _retry_delay_default given_or_default 5.0
23:42:30:507 DEBUG Sending request: OpenSession(<REDACTED>)
23:42:30:507 DEBUG Starting new HTTPS connection (1): dbc-b24a93ee-6754.cloud.databricks.com:443
23:42:31:117 DEBUG https://dbc-b24a93ee-6754.cloud.databricks.com:443 "POST /sql/1.0/warehouses/a158784826bb7569 HTTP/1.1" 200 None
23:42:31:120 DEBUG Received response: TOpenSessionResp(<REDACTED>)
23:42:31:121 INFO Successfully opened session 01ef8d03-00dd-1cd8-ada3-386c3f62b624
23:42:31:121 DEBUG Sending request: ExecuteStatement(<REDACTED>)
23:42:31:891 DEBUG https://dbc-b24a93ee-6754.cloud.databricks.com:443 "POST /sql/1.0/warehouses/a158784826bb7569 HTTP/1.1" 200 None
23:42:31:894 DEBUG Received response: TExecuteStatementResp(<REDACTED>)
23:42:31:898 DEBUG Sending request: ExecuteStatement(<REDACTED>)
23:42:34:140 DEBUG https://dbc-b24a93ee-6754.cloud.databricks.com:443 "POST /sql/1.0/warehouses/a158784826bb7569 HTTP/1.1" 200 None
23:42:34:145 DEBUG Received response: TExecuteStatementResp(<REDACTED>)
23:42:34:146 INFO creating table : success
23:42:34:148 DEBUG Sending request: ExecuteStatement(<REDACTED>)
23:42:35:676 DEBUG https://dbc-b24a93ee-6754.cloud.databricks.com:443 "POST /sql/1.0/warehouses/a158784826bb7569 HTTP/1.1" 200 None
23:42:35:678 DEBUG Received response: TExecuteStatementResp(<REDACTED>)
23:42:35:683 DEBUG Sending request: ExecuteStatement(<REDACTED>)
